0
0
1
0
-2
null
-2
3
0
-2
null
2
1
1
J1
1
-1
2
0
J2
4
1
1
J3
2
0
J4
0
0
2
0
J2
*2*4*6
15
15
*2*4*6
15
15
1
-3
1
15
-3
-3
12*4*6
15
-3
12*4*6
15
-3
12*4*6
15
-3
12*4*6
15
-3
12*4*6
15
-3
12*4*6
15
-3
12*4*6
15
-3
12*4*6
15
-3
12*4*6
15
-3
12*4*6
15
-3
12*4*6
15
-3
12*4*6
15
-3
12*4*6
15
-3
12*4*6
15
-3
12*4*6
15
16
1
6
12*4*6
15
2
1**4*6
14
1
***4*6
13
6
***4*6
12
3
**34*6
13
4
**3**6
12
4
**34*6
13
1
1*34*6
14
4
1*3**6
13
5
1*3*56
14
5
1*3**6
13
2
123**6
14
3
12***6
13
5
12**56
14
6
12**56
13
15
1
5
12***6
14
5
12**56
15
3
123*56
16
5
123**6
15
6
123**6
14
6
123**6
13
1
*23**6
12
3
*2***6
11
2
*****6
10
1
1****6
11
5
1***56
12
5
1****6
11
1
*****6
10
1
1****6
11
13
1
4
1**4*6
14
5
1**456
15
6
1**456
14
4
1***56
13
6
1***56
12
3
1*3*56
13
3
1***56
12
5
1****6
11
1
*****6
10
6
*****6
9
2
*2***6
10
1
12***6
11
11
1
2
1****6
10
3
1*3**6
11
1
**3**6
10
3
*****6
9
1
1****6
10
6
1****6
9
2
12***6
10
2
1****6
9
4
1**4*6
10
5
1**456
11
11
-5
-4
1**456
11
-4
1**456
11
-4
1**456
11
-4
1**456
11
-4
1**456
11
-4
1**456
11
-4
1**456
11
-4
1**456
11
-4
1**456
11
-4
1**456
11
-4
1**456
11
-4
1**456
11
11
-3
-3
1**456
11
-3
1**456
11
-3
1**456
11
-3
1**456
11
-3
1**456
11
-3
1**456
11
-3
1**456
11
-3
1**456
11
-3
1**456
11
-3
1**456
11
11
1
3
1*3456
12
5
1*34*6
11
4
1*3**6
10
4
1*34*6
11
4
1*3**6
10
3
1****6
9
4
1**4*6
10
6
1**4*6
9
3
1*34*6
10
5
1*3456
11
11
1
1
**3456
10
1
1*3456
11
3
1**456
10
3
1*3456
11
1
**3456
10
2
*23456
11
11
1
6
*23456
10
3
*2*456
9
5
*2*4*6
8
2
***4*6
7
2
*2*4*6
8
5
*2*456
9
1
12*456
10
2
1**456
9
11
1
1
***456
10
5
***4*6
9
2
*2*4*6
10
2
***4*6
9
9
1
4
*****6
8
2
*2***6
9
4
*2*4*6
10
6
*2*4*6
9
9
1
3
*234*6
10
6
*234*6
9
9
1
5
*23456
10
6
*23456
9
3
*2*456
8
4
*2**56
7
9
1
3
*23*56
10
2
**3*56
9
7
1
4
**3456
8
3
***456
7
3
**3456
8
5
**34*6
7
9
1
2
*234*6
10
2
**34*6
9
4
**3**6
8
4
**34*6
9
7
1
4
**3**6
6
3
*****6
5
9
1
3
**3**6
10
2
*23**6
11
6
*23**6
10
5
*23*56
11
5
1
4
*23456
6
1
123456
7
11
1
3
12*456
10
3
123456
11
0
0
0
